<?xml version="1.0" encoding="UTF-8"?>
<!-- Generated by org.testng.reporters.JUnitReportReporter -->
<testsuite skipped="0" hostname="DESKTOP-D26R0D6" name="Tests.payloads" tests="1" failures="0" timestamp="08 Apr 2021 04:45:59 GMT" time="0.664" errors="0">
  <testcase name="A" time="0.664" classname="Tests.payloads"/>
</testsuite> <!-- Tests.payloads -->
