<?xml version="1.0" encoding="UTF-8"?>
<!-- Generated by org.testng.reporters.JUnitReportReporter -->
<testsuite skipped="0" hostname="DESKTOP-D26R0D6" name="Academy.HomePage" tests="2" failures="0" timestamp="12 Jan 2021 12:49:11 GMT" time="11.750" errors="0">
  <testcase name="basePageNavigation" time="3.418" classname="Academy.HomePage"/>
  <testcase name="basePageNavigation" time="8.332" classname="Academy.HomePage"/>
</testsuite> <!-- Academy.HomePage -->
