<?xml version="1.0" encoding="UTF-8"?>
<!-- Generated by org.testng.reporters.JUnitReportReporter -->
<testsuite skipped="0" hostname="DESKTOP-D26R0D6" name="Academy.validateTitle" tests="1" failures="0" timestamp="12 Jan 2021 12:49:11 GMT" time="0.052" errors="0">
  <testcase name="validateAppTitle" time="0.052" classname="Academy.validateTitle"/>
</testsuite> <!-- Academy.validateTitle -->
